<?xml version="1.0" encoding="UTF-8"?>
<!-- Generated by org.testng.reporters.JUnitReportReporter -->
<testsuite skipped="0" hostname="LAPTOP-0HQFRC13" name="TenTestCases.DataProviderEx" tests="2" failures="0" timestamp="2021-05-08T09:29:59 IST" time="0.008" errors="0">
  <testcase name="f" time="0.007" classname="TenTestCases.DataProviderEx"/>
  <system-out/>
  <testcase name="f" time="0.001" classname="TenTestCases.DataProviderEx"/>
  <system-out/>
</testsuite> <!-- TenTestCases.DataProviderEx -->
