<?xml version="1.0" encoding="UTF-8"?>
<!-- Generated by org.testng.reporters.JUnitReportReporter -->
<testsuite skipped="0" hostname="LAPTOP-0HQFRC13" name="Utility.Utility" tests="1" failures="0" timestamp="2021-05-21T18:52:56 IST" time="0.069" errors="0">
  <testcase name="verifySelenium" time="0.069" classname="Utility.Utility"/>
  <system-out/>
</testsuite> <!-- Utility.Utility -->
