<?xml version="1.0" encoding="UTF-8"?>
<!-- Generated by org.testng.reporters.JUnitReportReporter -->
<testsuite skipped="0" hostname="LAPTOP-0HQFRC13" name="DataProviderWeb" tests="2" failures="0" timestamp="2021-05-08T09:56:40 IST" time="6.799" errors="0">
  <testcase name="f" time="2.398" classname="DataProviderWeb"/>
  <system-out/>
  <testcase name="f" time="4.401" classname="DataProviderWeb"/>
  <system-out/>
</testsuite> <!-- DataProviderWeb -->
