<?xml version="1.0" encoding="UTF-8"?>
<!-- Generated by org.testng.reporters.JUnitReportReporter -->
<testsuite skipped="0" hostname="LAPTOP-0HQFRC13" name="exceloperations.Excelread" tests="1" failures="0" timestamp="2021-05-29T11:47:18 IST" time="0.172" errors="0">
  <testcase name="excelread" time="0.172" classname="exceloperations.Excelread"/>
  <system-out/>
</testsuite> <!-- exceloperations.Excelread -->
