<?xml version="1.0" encoding="UTF-8"?>
<!-- Generated by org.testng.reporters.JUnitReportReporter -->
<testsuite skipped="0" hostname="LAPTOP-0HQFRC13" name="com.jbk.AnnotationEx" tests="2" failures="0" timestamp="2021-05-23T08:44:25 IST" time="0.012" errors="0">
  <testcase name="test2" time="0.003" classname="com.jbk.AnnotationEx"/>
  <system-out/>
  <testcase name="test1" time="0.009" classname="com.jbk.AnnotationEx"/>
  <system-out/>
</testsuite> <!-- com.jbk.AnnotationEx -->
