<?xml version="1.0" encoding="UTF-8"?>
<!-- Generated by org.testng.reporters.JUnitReportReporter -->
<testsuite skipped="0" hostname="LAPTOP-0HQFRC13" name="PriEx" tests="4" failures="0" timestamp="2021-05-02T10:16:39 IST" time="0.014" errors="0">
  <testcase name="B" time="0.009" classname="PriEx"/>
  <system-out/>
  <testcase name="D" time="0.002" classname="PriEx"/>
  <system-out/>
  <testcase name="A" time="0.001" classname="PriEx"/>
  <system-out/>
  <testcase name="C" time="0.002" classname="PriEx"/>
  <system-out/>
</testsuite> <!-- PriEx -->
