<?xml version="1.0" encoding="UTF-8"?>
<!-- Generated by org.testng.reporters.JUnitReportReporter -->
<testsuite skipped="0" hostname="LAPTOP-0HQFRC13" name="exceloperations.DPWithExcel" tests="3" failures="0" timestamp="2021-05-30T11:22:57 IST" time="2.095" errors="0">
  <testcase name="logintest" time="0.393" classname="exceloperations.DPWithExcel"/>
  <system-out/>
  <testcase name="logintest" time="1.338" classname="exceloperations.DPWithExcel"/>
  <system-out/>
  <testcase name="logintest" time="0.364" classname="exceloperations.DPWithExcel"/>
  <system-out/>
</testsuite> <!-- exceloperations.DPWithExcel -->
