<?xml version="1.0" encoding="UTF-8"?>
<!-- Generated by org.testng.reporters.JUnitReportReporter -->
<testsuite skipped="0" hostname="LAPTOP-0HQFRC13" name="DataProviderUse.LoginEx" tests="7" failures="0" timestamp="2021-05-23T10:29:15 IST" time="7.198" errors="0">
  <testcase name="LoginTest" time="0.462" classname="DataProviderUse.LoginEx"/>
  <system-out/>
  <testcase name="AddNewMemberTest" time="0.956" classname="DataProviderUse.LoginEx"/>
  <system-out/>
  <testcase name="AddNewMemberTest" time="0.940" classname="DataProviderUse.LoginEx"/>
  <system-out/>
  <testcase name="AddNewMemberTest" time="1.072" classname="DataProviderUse.LoginEx"/>
  <system-out/>
  <testcase name="LoginTest" time="0.354" classname="DataProviderUse.LoginEx"/>
  <system-out/>
  <testcase name="AddNewMemberTest" time="1.178" classname="DataProviderUse.LoginEx"/>
  <system-out/>
  <testcase name="LoginTest" time="2.236" classname="DataProviderUse.LoginEx"/>
  <system-out/>
</testsuite> <!-- DataProviderUse.LoginEx -->
