<?xml version="1.0" encoding="UTF-8"?>
<!-- Generated by org.testng.reporters.JUnitReportReporter -->
<testsuite skipped="0" hostname="LAPTOP-0HQFRC13" name="DataProviderUse.LoginTestEx" tests="3" failures="0" timestamp="2021-05-23T09:56:23 IST" time="2.395" errors="0">
  <testcase name="loginTest" time="0.395" classname="DataProviderUse.LoginTestEx"/>
  <system-out/>
  <testcase name="loginTest" time="1.602" classname="DataProviderUse.LoginTestEx"/>
  <system-out/>
  <testcase name="loginTest" time="0.398" classname="DataProviderUse.LoginTestEx"/>
  <system-out/>
</testsuite> <!-- DataProviderUse.LoginTestEx -->
