<?xml version="1.0" encoding="UTF-8"?>
<!-- Generated by org.testng.reporters.JUnitReportReporter -->
<testsuite skipped="0" hostname="LAPTOP-0HQFRC13" name="DependEx" tests="5" failures="0" timestamp="2021-05-02T10:42:54 IST" time="0.016" errors="0">
  <testcase name="C" time="0.001" classname="DependEx"/>
  <system-out/>
  <testcase name="A" time="0.010" classname="DependEx"/>
  <system-out/>
  <testcase name="AB" time="0.002" classname="DependEx"/>
  <system-out/>
  <testcase name="B" time="0.002" classname="DependEx"/>
  <system-out/>
  <testcase name="D" time="0.001" classname="DependEx"/>
  <system-out/>
</testsuite> <!-- DependEx -->
