<?xml version="1.0" encoding="UTF-8"?>
<!-- Generated by org.testng.reporters.JUnitReportReporter -->
<testsuite skipped="0" hostname="LAPTOP-0HQFRC13" name="exceloperations.Login" tests="1" failures="0" timestamp="2021-05-29T11:56:08 IST" time="2.151" errors="0">
  <testcase name="LoginTest" time="2.151" classname="exceloperations.Login"/>
  <system-out/>
</testsuite> <!-- exceloperations.Login -->
