<?xml version="1.0" encoding="UTF-8"?>
<!-- Generated by org.testng.reporters.JUnitReportReporter -->
<testsuite skipped="0" hostname="LAPTOP-0HQFRC13" name="com.readproperties" tests="2" failures="0" timestamp="2021-06-06T10:56:33 IST" time="5.180" errors="0">
  <testcase name="test02" time="5.172" classname="com.readproperties"/>
  <system-out/>
  <testcase name="test01" time="0.008" classname="com.readproperties"/>
  <system-out/>
</testsuite> <!-- com.readproperties -->
